🚀 Minimal WhatsApp Service Starting...
🌐 Minimal WhatsApp Service running on http://localhost:3001
📋 Available endpoints:
   - GET  http://localhost:3001/whatsapp/status
   - GET  http://localhost:3001/whatsapp/qr
   - POST http://localhost:3001/whatsapp/send
🔄 Initializing WhatsApp...
📱 QR Code received!
✅ QR Code ready for scanning
▄▄▄▄▄▄▄▄▄▄▄▄▄▄▄▄▄▄▄▄▄▄▄▄▄▄▄▄▄▄▄▄▄▄▄▄▄▄▄▄▄▄▄▄▄▄▄▄▄▄▄▄▄▄▄▄▄▄▄
█ ▄▄▄▄▄ █▀█▄▀██▄▄  ▄▄▄▄▀  ▄▄ █▄▄█▄ ▄█▄█  ▄▀ ▀██▄ ██ ▄▄▄▄▄ █
█ █   █ █▄█▄ ▄█▄▄█▄█▀▄ █▄▄██▄▄ █▄█▀▀█▄█ ▄█ ██▄▀▄ ██ █   █ █
█ █▄▄▄█ █ ▀█▀▄ ▄██▀▄▀█▄ ▀▄  ▄▄▄    ████▄ █ ▄▄  ▀▄██ █▄▄▄█ █
█▄▄▄▄▄▄▄█ ▀▄█ █ ▀ ▀ ▀ █ ▀▄█ █▄█ ▀▄█▄█ █▄█ █▄█▄▀ █ █▄▄▄▄▄▄▄█
█ ▄▀ ██▄ ███▀▀█▀█▄█▄█▄█ ▄█    ▄▄██ ▄ ▄▄█▄▄▄█▄▀█▄ ██▄▄▄▀▄▄▀█
█ █▀▄█ ▄▄███  ▀█▀▀▀▄▄▄  ▀▄█ █  ▀▄ █▄▄  ▀▀▀▀▄▄▄▀▄█▄▀▄ ▀▀█▀ █
█▀▀▀ ▀▀▄▀▄▀▀██▄██ █▄▀█ ▀▄▄██  █▀▄ █ ▄▄ ██▄▄█ ▄▀  █▀█ ▄▀ ▄▄█
█ ▀█ ▄█▄▀█▄█▀  ▀██▄ █▄█▄██ ▄▀█ ▄█ ▄▄▄▀▀ ▀▄   ██▀▀ █▄████ ██
█▄█▄▄▀█▄ ▀▀▄▄ █ █▄▀ █▀ █▀▄██   ▄   ▄█ █▀ ▀▄██ ▄▄ █▄▀ █▀  ▄█
█▀ █▀▄ ▄ ▄ █▄ ▀▄▄▀▀   ▀ ██▄█ █▀ ▀▄▄▀▄ ▄▀▄▄▄█▀▀▄███ ██▀▀█ ▄█
██  ▄▀█▄ ▄▀█▄ ███ █▄ █ ▄▄ ▄ █▄█▄ ▀██ ▄█▄█▄▀█▀█▀▄▀█▄█▄▄███ █
█▄▄▀▄█▄▄  ▄ ██  █ ▀ ▀ ▀▄▀▀▄█▄▀▀▄▀ ▄ ▀  █▀█ █ █▄▄ ▀▀▀▀█▀█▄▄█
██▀▀ █ ▄█ ▄▀▀  ▄█▀ ▄██  ██▀▄▄ ▄█▄▀▀ █ ▀▄▄ █▄▄ █▀▄█ ▄   ▄ ▀█
█▄ ▄█ ▄▄▄   ██ ▄▄▀▀▀▄▀█▄  ▀ ▄▄▄ ▄▄▄█ ██ ▀ ▄▀▄█▄   ▄▄▄ ▄▄▄██
█ █▀▀ █▄█ █ █▀▄▀█▄▄██▀██ █▄ █▄█ ▀  █  ▄ ▄▀▀▄█ ▄▄▄ █▄█ ▄▀▄▀█
██ ▄▄  ▄  ▄▀▄▀▄█▄█▀ ▀██▄▀██ ▄ ▄ ▀▄▄█ █▀████▄ ▀█ ▀ ▄▄▄ ██  █
█  █▀█ ▄▄▀ ▄█ ▄▄ ██▄██ ▄▄▄ █ █▄▄▄█ ▄█ ▄▄▄▄█▄█▀▄▄▄▀▀▄██  ▀▀█
███ ▄ ▄▄▀█▄▀█ ██▄▄█▄███ ▄ ▀▄ ▄▀▄  ▀▄▀ █▄█ ██▀█▄█ █▀ █▀ ▄█ █
██▄▄▄█▀▄  █▀▀█ ▄    ▀  ▄ ▄▄   █▄ ▄▄▀█ ▀▄  ▀▄▄▄█▀▀ ▄ █ ▄▄█▀█
█▀▀ █  ▄   █▀ ▄█ ▄ ██   ▀▄▀▄ ▄▄ ▄▄▀▄  ▀█▀██▀▄▀ ▀█  █████ ▄█
█▀ ▀ ██▄▄    ▀▀▄██  ▀▀▄█ ▄ ▄▄█ ▄▄  █▄▄█ ▄▀▀██▄▀▄▀▀ ▀▄██▄▄ █
█ ▀▄▀▄▀▄▀▄▀▀ ▄▄█ ▀█▄▄▄ ██▄█ █▀▄ ▀ ▀  ▀  ▀ ▀ █▄▀▀█▀▄▄█ ██ ▄█
█ █▄█▀▄▄▀▀▀█ ▄ ▀██▄▄██ █▄▄   ██ ▀█ █▄ ▄▄ ▄█▄▄▀▄█▄▀▀▄▄▄ ▀███
█ ▀ ▀▀▄▄▄█▀██  ▀▄█▀ ▀▀█▀ ▄▀▀▀  ▄▄▄▄ ▀ █▀▀█ █▀ ▀█ ▄▀▄ █ █▀▄█
███████▄█ ▀▀  ▄▀█   ██▄▄██▀ ▄▄▄ █ █ █▄▀▄▄ ██▄ ▄▀█ ▄▄▄ ▀▄▀ █
█ ▄▄▄▄▄ █▄▄▄▄  ▄ ▄▄█▀▄  █▀▀ █▄█ ▀▄█▄  ▄█▀  ▄████▀ █▄█ █▄ ▀█
█ █   █ █▀▀▀███ █▀  ▀ █▀▀ ▀     ▀▄▀█▄▄▄▀ █▀██▄▀█▄ ▄  ▄ ▀▀▀█
█ █▄▄▄█ █▀ ▀▄▀▀ ██▄ ▄▄▀▄█▀▄█  █▀▄▄▄█ ▄█▀█▄ ▀█ ▄█▄ ▀▄▄▄ ██▄█
█▄▄▄▄▄▄▄█▄█▄███████▄██▄▄████▄▄▄▄▄▄███▄███▄█▄▄█▄███▄██▄██▄██

📱 QR Code received!
✅ QR Code ready for scanning
▄▄▄▄▄▄▄▄▄▄▄▄▄▄▄▄▄▄▄▄▄▄▄▄▄▄▄▄▄▄▄▄▄▄▄▄▄▄▄▄▄▄▄▄▄▄▄▄▄▄▄▄▄▄▄▄▄▄▄
█ ▄▄▄▄▄ █ ▀▀█▀   ▀█▀▀▄ ▄▄ ▀ ▄      █▄▀▀▄ ▄  ▀▄▀▄ ██ ▄▄▄▄▄ █
█ █   █ █ ▄  ▀▀▄█ ▄▄██▀▀▄█▀██  ▄▄▄ █▄█▀ ▄▀ ▄▀█ ▄ ██ █   █ █
█ █▄▄▄█ █▀█▀ ▄ ▄▀█▀ ▀█  ▀   ▄▄▄ ▄▀▄████▄ █  ▄▄▄▀▄██ █▄▄▄█ █
█▄▄▄▄▄▄▄█▄▀▄█▄█ ▀ ▀ ▀ █ ▀▄█ █▄█ ▀▄█▄█ █▄█ █▄█▄▀ █ █▄▄▄▄▄▄▄█
█▄▄██▄ ▄▀█▀▄▀ ▄▄▀█  ▄▀▀▀▀▀▀▄▄   ▄ ▄██ █  █▀▀█▄▀█  ▀▀ █▄ ▄▄█
█▀ ▄█ ▄▄  ▄█  ▄  ▄▄█▀▀▀█▄█ ▄ ██ ▀█▄▀▀▀█▄ ▄ ▀▀▀ ▀▄▄▄ ██▄▄▄██
██▄▀▄▄█▄▄▄▄▀▀▀▀▀▀█▀ ▄▀▄▄   ▀ ▀▀█▀▄ ▄   ▀▀▀▀ █ ▀█▄▀▄▀ █▀ ▀ █
█▄▄▀▀ █▄▄▄█▀▀▀▄▀▄▀█▄▀▄▀▄█▄▄▄▀▀ █▀ ▄ ▄▄ ▄▄▄▀█▄▀ ▀▄ ▀▄▄▀██▄██
██▀▀▀▀█▄ ▀█▄▄▄█ ▄▄▄▄█ ▄▀ ▀██▄  ▀  ▄█ ▄█▀██▀ █▄▀█ ▀▄▀▄█ ▄▄▄█
█ █▀▄▄█▄ █▀██▀▀█ ▄ ▀▀█  ██▄▄▀█▀▀▀▀█▀ ▄▄ █▄▄██ ▄█▄▄ ▄▄▀ ▄███
██▄█ ▄█▄▀▀█▄▄█▄ ▀▀  ▀ ▄█▀▄██▀█  ▀ ▀▄▄▄▄▀▀▀▄▀█ ██▄▀▀  █ ▀▄▄█
██▀▄█▀▀▄█▀█▀▀█▄▄▄█▄▀▄█ ▀▄ ▀ █▄▄██▄██▄▀█ ▀ █▄▄▀█▀█ ▄▄  ▄▄▀▀█
█▀▄█▄██▄█▄█▀▄  ▀▀▄▄  ▀▄█▀▀▄▄ █ ▀▀███▀▄▄  █▀ ▀▄▀▄ ▀▀▀ ▀▄ ███
██▄▄▄ ▄▄▄ ▄▄▀ ▄▀██▀  ▀▄  ▀▀ ▄▄▄  ▄██ ▄█▄ ▄▄▄ ██   ▄▄▄  █ ██
█▄██▀ █▄█  ███▀ ▀▄▄▀█▀▀█ ▀  █▄█ ▀ ▀▄ ▄█  ▀ ▀█ ▄▄▄ █▄█ ▄▀▄▀█
█▀▄ ▄ ▄▄  █▀█ ▄▄██▄▀▀▄▀█ ▄▄ ▄ ▄ ▀█▄█▀ ██ ███▄ █▀▄ ▄   ▄▄ ▀█
█▀▀█▀▄█▄▀█▄█ ▄█▀▀▄▄ ▄▀▄█▀▀▀ █▄▀ █ ▄█▀ █  ██  ▄ █▀▀ ▀▄▄█▄▄▄█
█▀▀ ██▀▄ ██▄ ▀  █▄ █▄▄▄█▀█▄▀█▀▄█▀▀ ▀ █▀▀▄█ ▄▀ █ ▄▄▄█ ███▄██
█▄▄   █▄█▄▀▄▄▀█ ▄█▄▄▄▄▄▀▄ ▀▄▄█ ▄▀  ▄▄▄▄ ███ ▄▄▀▄█▄▀▄▀█  ▀▄█
█ █ ▄▄ ▄▄  ██▀ ▀▀  ▄▀ ▀▄▀██▄▀ ▀▀▀█    ██▀ █ ▀▀▀██▀▄█▄▀█▄▄▄█
██ ▀▄▀█▄▄ █▄▀▄▄ ▀█ ▄▀▀ █   ▄ █  ▄ ▄█▄ █  ▀▀▀█▄█▄▀█▄▄ █▀ ▄ █
█▀▀█ ██▄▀██▀ █▄█▀▀▄█▄█▀█▄██▀▄▀█▀▀▀▄ ▀  █   ███ ▀ ▀▄█▄ ▄▄ ██
█▄▄█▄▄ ▄██▄██ ▀▄▀▄▀ ▄ ▄▄▀ ▀█▄▄ ▄   █▀▄█ ▄█ ▀█▄ ██▄██▄▄ █▄ █
█ ▀ ▀▀▄▄▀█   ▀█▄█  ▄▄▄▄ ███▄ ███▀▀▄█▄▀▀▀ ▄ ▀ █▀▀▄▀▄▀██ █▄▀█
███████▄█▀█▄▄▄▀█▀█▄▄█ ▄█ ▀▄ ▄▄▄  ▄▀█▄▄ ▀ █▄▀█▄▄▄█ ▄▄▄ █▀▄▄█
█ ▄▄▄▄▄ █▀█ ▄▀▄▄ ▀▄▄▀▄▀▄▀▀█ █▄█ ▀ ▄ ▀█ ▄ ▀▀▄█▄▄▀█ █▄█ ██▄▀█
█ █   █ █▄█▀▄ █ ▀▀ ▄▀ ▀▀▀▄▀ ▄  ▄▄ ██▄▄▄▀▄█▀▀▀ ███▄▄ ▄  █ ▀█
█ █▄▄▄█ █▀▄▀▀█▀█▄██▀▄█ ▄▄ ▄▄▀ ▄ ▄▄██▀▄█ █▄▀ █▀███▀▀██ ▀▄███
█▄▄▄▄▄▄▄█▄▄▄███▄█▄▄▄▄▄▄█▄█▄▄▄██▄███▄▄▄▄▄██▄▄█▄▄▄▄██▄██▄██▄█

📱 QR Code received!
✅ QR Code ready for scanning
▄▄▄▄▄▄▄▄▄▄▄▄▄▄▄▄▄▄▄▄▄▄▄▄▄▄▄▄▄▄▄▄▄▄▄▄▄▄▄▄▄▄▄▄▄▄▄▄▄▄▄▄▄▄▄▄▄▄▄
█ ▄▄▄▄▄ █▀█▄▀███▄▄ ██ ▄▀ ▄▄▄ █▄▄█▄ ▄▀ ▄▄ ▀ ▄▀▀█▄ ██ ▄▄▄▄▄ █
█ █   █ █▄█▄ ▄█▄▄█▄█ █ █▄▄██▄▄ █▄▄▀▀█▄█ ▄█ █ ▄▀▄ ██ █   █ █
█ █▄▄▄█ █ █▀▀  ▄██▀▄▀█▄ ▀▄  ▄▄▄ ██ █▄ █▄▀▀ ▄▀  ▀▄██ █▄▄▄█ █
█▄▄▄▄▄▄▄█ ▀▄█▄█ ▀ ▀ ▀ █ ▀▄█ █▄█ ▀▄█▄█ █▄█ █▄█▄▀ █ █▄▄▄▄▄▄▄█
█ ▄▀ ▀█▄▄█  ▄▀█▀█▄█▄█▄█ ▄█▄   ▄▄██ ▄ ▄▄█▄▄▄█▄▀█▄█▄█▄  ▀▄▄▀█
█ █▀▄█▀▄▀█▀███▀█▀▀▀▄▄▄  ▀▄▄▀▀▄ ▀▄ █▄▄ ▄▀▀▀▀▄▄▄▀ █  █ █▀█▀ █
█▀▀ ▄▀▀▄█ ▄▀██▄██ █▄▀█ ▀▄▄██  █▀▄ ▄ ▄▄▀▄█▄▄▄ ▄▀ ██▀█▄ █▄▄▄█
█▄█▄▄▄█▄ ▄▄█▀  ▀██▄▄█▄  ██ ▄ ▄▄▄█ ▄▄▄█▀▄▀ ██ █▄█▀██▄██▄▄ ██
██▀▄▀▀█▄ ▀▀▄▄ █ █▄  ▄ ▄▀▄███   ▄   ▄▄▄█ ▄█▀▄█ ██ █▄▀ █▀ ▄▄█
██ ▄▀▄▄▄ ▄ █▄ ▀▄  ▀ ██▀ ██▄█ █  █ ▄▀█▀█▀███▄▀▀█▄██ ██▀▀█▄ █
██  ▄█▄▄ ▄▀█▄████ █▄ █ ▄▄ ▄ █▄█▄▄███▄ █▄ ▄▀█ ▀▀▄▀███▄▄██▄▀█
█▄▄▀▄█▄▄▄▄▀█ ▀▄▀█ ▀ ▀ ▀▄▀▀▄█▄▀▀▄ ▀▄    █ █ █ ▄▄▄ ▀ ▄█▀▀█▄▄█
██▀▀ █▄▄█▀█▄██ ██▀ ▄██  ██▀▄▄ ▄█▄▀▀ █ ▀▄▄ █▄▄ █▀▄█ ██  ▄ ▀█
█▄ ▄█ ▄▄▄   ▀█ ▀▄▀▀▀▄▀█▄    ▄▄▄ ▄▄▄█ █▀▄▀ ▄█▄█ ▄█ ▄▄▄ ▄▄▄██
█ █ ▀ █▄█ ▄██▀███▄▄██▀██ █▄ █▄█ ▀ █▄  █▀▄▀▀▄█ ▄█▄ █▄█ ▀█▄▀█
███ ▄▄▄▄▄▄▄▀▄▀▄█▄█ ▄▀█▄▄▀█▄ ▄ ▄ ▀▄▄▄▄▀▀██▀▀▄ ▀ ▄   ▄▄▄▄▄  █
█▀▀▀▀█ ▄▀▄ ▄█ ▄▄▄██  ▄▄▄██ █▄█▄▄▄█ ▄▄ ██ ▄▀▄▄███▄▄▀▄█▄ ▀▀▀█
█ ▀ ▀ ▄▄██▄▀█ ██▀▀█▄▄ █ ▀█▀▄ ▀▀▄▄▄▀▄██▄▄ █▄███▄█ █▀  ▀ ▄█ █
█ ▀▄▄█▀▄  █▀██ ▄    ▀  ▄ ▄▄   ▄▄▄ ▄▀▄ ▀▄ ▄▀▄ ▄█▀▀ ▄ █ ▄▄█▀█
█▀▀ █  ▄   ██▄█▀ ▄ ██   ▀▄▀▄ ▄▀▄█▄▀▄ ▀▀█▀██▀▄▀ ▀█  █████ ▄█
█▀ ▀ ██▄▄ █▄▀  ▄██  ▀▀▄█ ▄ ▄▄█ ▄▄  █▄▄█ ▄▀▀██▄▀▄▀▀█ ▄█▀▄▄ █
█ ▀▄▀█ ▄▀▄ ▀██▀█ ▀█▄▄▄ ██▄█ █▀▄ ▀ ▀  ▀ ▄▀ ▀▄█▄█▀██▄▄█ ▄█ ▄█
█ █ ▄ █▄ █▀█ ▄ ███▄▄██ █▄▄ ▄ ██ ▀█▄▄▄ ██ ▄██▄▀██▄▀▄██▄▄▀███
█ ▀ ▀▀▄▄▀█▀██  ▀▄██▀▀▀▄█ ▄▀▀▀  ▄▄▄▄▀█▄█▀█▀▄█▀▄▄▄▀ ▀▄▀▀ █▀▄█
███████▄█▀▀▀  ▄▀█▀▄▄▀██▄▄█▀ ▄▄▄ █ █  ▄▄▄  ▄▄▄ █ █ ▄▄▄  ██ █
█ ▄▄▄▄▄ █▄▄▄▄  ▄▀█▄█▄█  ▀ ▀ █▄█ █ █▄▀ ▄▄ █ ▄▀▀▄▄▀ █▄█ █▄ ██
█ █   █ █▀▀▀▀ █ █▀  ▀ █▀▀ ▀ ▄   ▀▄▀██ ▄▀▄▀▀██▄▀█▄ ▄ ▄▄ ▀▀ █
█ █▄▄▄█ █▀ ██▄▄ ██▄ ▄▄▀▄█▀▄█ ▄█▀██▄█▀▄█▀█▄ ▀▄ ▄█▄ ▀▄▄▄ ██▄█
█▄▄▄▄▄▄▄█▄██▄▄█▄███▄██▄▄████▄█▄▄▄▄███▄███▄█▄▄█▄███▄█▄▄██▄██

📱 QR Code received!
✅ QR Code ready for scanning
▄▄▄▄▄▄▄▄▄▄▄▄▄▄▄▄▄▄▄▄▄▄▄▄▄▄▄▄▄▄▄▄▄▄▄▄▄▄▄▄▄▄▄▄▄▄▄▄▄▄▄▄▄▄▄▄▄▄▄
█ ▄▄▄▄▄ █▀▄▀█▀█▄█▀█▀▄█▄█▄▄▄█▀   ██▀██▄ █ ▄ ▄▀ ▄▄ ██ ▄▄▄▄▄ █
█ █   █ █▀▄██ ▀▄██▀▀▄▄▀▄▀▀▀████▀▀▄  ▄▀▀ ▄▄█▀▀█ ▄ ██ █   █ █
█ █▄▄▄█ █▀ ▀▄ █▀▄█▀ ▄ █ ▀ █ ▄▄▄ █ ▀█▄  ▀▄█    ▀▀▄██ █▄▄▄█ █
█▄▄▄▄▄▄▄█▄█▄█▄█ ▀▄█▄▀ █▄█ █ █▄█ ▀▄█ ▀▄█▄█▄▀ █▄▀▄▀▄█▄▄▄▄▄▄▄█
█▄    ▀▄▄  █ █▀▀▄█  ▀▄▄▀▀▀      ▀█▀██  ███▀▀ ▀▄█▄▀ █▄▀▄▀ ▀█
█▄ ▄█▄ ▄ ▄▀▄▀▀▄  ▀▀ ▀▀▀ ▀  █ ▄ █▀█ ▄▄▄▀▄ ▀▀▄▀▀  ▀ ▄  ▀▀▀▄██
██▀██▄█▄▄ ▄▄▀▀▄▄▄█▀ ▀▄▀▄  ██▀█▀█▄▀█▄   █▄▀█  █▀█▀▀▀▄█▀█▄▄██
█▀▀▀ █ ▄▄██▄▄▄▄▀▄▄ █▀▄▀▀ ▀▄▄ ██▄▀ █ ▀▀██▄█▄▀▄█▀▄▀█▀▄▄▄█ ▄██
██▀▄▀▀█▄█▄ ▄▄▄ █▄▄▄▄▀█▀█    ▀  ▀██▀█ ▄ ▄▀█▀ ▄█▄█ ▀▀▄▀█ █▀▀█
██▀▀▄▀▄▄ █▀  ▄▀█  █▄ ▄ █▀▀▄▄▀ █▄█▀█▄█ █▀█▄ ▀█ █ ▀▀▄▄▄▄█▀▄██
█▀▄ ██▄▄▄▄ ▄  ▀█▄▀  ▄█▀█▀▄  ▄█   █▄▄▄ ▀▄██▄▀ ▀ █▄▀ ███ ▀ ▀█
█ ▀▄███▄▀█▄▄▄██▄▄ ▀▄▄█ ▄▀█▀ █▀▀ █▄█ ▀██ ▀▄ ▀█▀█▄ █▄▄▄█▀▀▀▀█
█▀▀ ▀▄▄▄ ▀ ▄▀█▄ ▄▄▄ █▄▀█▀▀████ ▀▄  █▀▄▀███▀ ▄▀▄▄▀▀ ▄▀█▄   █
█ ▄▄▄ ▄▄▄ ▀█ ▄███ ▄█ ▀▄██▄▄ ▄▄▄  ▄█▄█▀█  ▀█▀ ████ ▄▄▄ ▀  ██
█▄ ▄  █▄█ █▀██▀▄▄▄▄▀ ▄▄█ ▀▀ █▄█ ▄█▄▄ ▄ ██▀▄  ██▄▄ █▄█ ▄█▀▄█
█ ▀ ▄  ▄▄▄█▄ █▄▄█   ▀▄▀▄█▀█ ▄▄ ▄▀██  ██   ██▄ ▀▀█▄▄▄▄▄   ▀█
██▀▀▄▄█▄█▀▀█ ▄ ▄▄▄   █▀█▀ ▄███▀  █▀█▄▄ █▀█   ▀███ █▄▄█▄▄█▀█
█▀ ▄▄ ▄▄ ▄█▀█▄  ▀██ ▀ ▄ ▄ ▄▀▀█▀ █▀ ▄█▀▀  ▀█▀ ▄▄▄ ▀▄█ ▀  ▄▀█
█ ▀██ █▄ ▀▄▄▄▀ █▀█▄▄▀▀▀▀▄ ▄▀▀█▄█▄██▄▄ ▀████ ▄▀▄▄█▄▄▀▄█  ▄ █
███ ▄▀█▄▄  ▄▀▄▄▄▀██▀▀ ▀▀▄ █▄▀█▄ ▀█ █▄▄██ ▄ █ ▀▀  ▄▄█▄▄ ▀▄▄█
███▄▀▀█▄▀██▄ ▀█▄▄█ ▄▄▄██  █▀██  ▀█▀█▄  ██▀▀▀ ▀ ▄▀█▀▀███▄▀██
█▄▀█ ▄█▄▀█▄  ▄ █▀▄▀ ▄█▀ ▀ █▀▄▄ ▄▀▀ ▀▄█ ▀ █▀▄██▄▄█▄▄█▄█▀  ██
█▄▀██▀█▄ ▄█▄█ ▀█▄▄▀ ▀█▀▄▀ █ ▀▄ ▄██ ▄▀▄ █▀█▄▀ ▀███▀▄▄▄██▄▀██
█ ▀ ▀▀▄▄▄▀ ██▄█▄███▄▄▄▄▄  ▄▀    ▀▀█ █▄█▀▄▀▄▀▄▀▀ ▄▄▄▀▄▄▄ ▄▀█
███████▄▄▀ ▄▄▄▄ ▄█ ▄▀██▀▀▀▀ ▄▄▄ █▀▄█▄  ▄▀▀  ▀█ ▄█ ▄▄▄ ▄▀█▀█
█ ▄▄▄▄▄ █▄██▀▄▄▄ ▄▀▀██▀▀█▀█ █▄█ ▀ ▄█▀  ██▄█ ▀██▄▄ █▄█    ██
█ █   █ █  ▀▄█ █▄▀ ▄▄█▄▀▀▄▄▄ ▄ ▄██ █ ▄▀▄▀█▀▀▄▀ ██▄ ▄▄  ████
█ █▄▄▄█ █  ▀▄█▄ ▄  ▄▄█ ▀▀█▄▄█▀▀██▄█ █ █ ▄▀▄██▀█  ▄▀█▄█▄▀███
█▄▄▄▄▄▄▄█▄▄█▄▄▄█▄▄▄▄████▄██████▄▄▄▄▄▄▄██▄█▄▄▄██▄▄█▄█▄▄▄█▄██

📱 QR Code received!
✅ QR Code ready for scanning
▄▄▄▄▄▄▄▄▄▄▄▄▄▄▄▄▄▄▄▄▄▄▄▄▄▄▄▄▄▄▄▄▄▄▄▄▄▄▄▄▄▄▄▄▄▄▄▄▄▄▄▄▄▄▄▄▄▄▄
█ ▄▄▄▄▄ █▄ ▀▀██▀█▀▀▄ ▀ ▄▄ ▄▀█ ▄▄█▀ ▀▀▄▀█▀▄  █  ▄ ██ ▄▄▄▄▄ █
█ █   █ █ █▄▀▀ ▄█▄▀ ██ █   █▄▄█  █▀▀    ▄██  ▄▀▄ ██ █   █ █
█ █▄▄▄█ █▄█▀██▀ ▀▀ █ ▀ ▄ █▀ ▄▄▄ ▄█▄▀█▄▄   ▀█ ▄▄▀▄██ █▄▄▄█ █
█▄▄▄▄▄▄▄█▄▀ █▄█▄█▄▀ ▀▄▀▄▀▄█ █▄█ ▀ ▀ █ █ ▀▄█▄█ █▄█ █▄▄▄▄▄▄▄█
█▄   ██▄▀▄▀█▄  ▀█▄ ▀ ▄█ ▀ ▀▄     █ ▄█▀▀█▄▄▀ ▀▀█▄▀▀ █▀ ▄ ▀ █
█▀▄█ ▀ ▄▄  ▄ █ ▀██ ██ ▄▄ █▄█▀ ▀ █▄▀ █▀▀███▄██ ▀ ▀▀▀▀▄█ ▄ ▄█
█▀▀█▀▄▀▄▀▀▀▀██▄  ██▄▀ █▄▄▄█▀▀██▀▄█▀▄▄▄▀  ▀██ ▀▄▄██▀ ▄▀▀▄▄▀█
███ ▄▄ ▄█▄▄█▄██▀██▀▄ ▄▀█  █▄ ██▀  █▄▀▄ ▄█ ▄ ██ ▀▄▄ ▄▄█▀ ███
██ █ █▄▄▀██ █▀▄▄▄ ▄▀█▄ █▄▄▄▀▄▄▀█▀▄█▀▄█▄███▀█ ▄▀ ▀▄██▄▀▀▀█ █
█▀▀▀ █ ▄ ▀█ ▄ ▀▀██▀ ▄▀▄█ █▄ █ ▀▀▀█▀▄▄ ██ ▀█▄▄█ ▀██▄▄ ▄▀████
█▀▄ ▄▄▄▄█▄▀█▀▀ ██  ▀██ ▄▀█▀ █▄ ▀▀▀██▀▀ ▄▀▄▄ █▀▀▄▄ ▀▄▄▄  ▀ █
████ ▀█▄▀▄▀ ▄▀█▀▀▄ ▀ ▄█   █▀ █ █ ▄ ▄▀▀▀▀▄▀▀▄▀▀  ▀ ▀ ▀█ ▄█ █
██▀▄█ █▄ ▄█ ▀▀▄█ ▄ ▄█ ████▀▀▀█▄█▄▄▄██ ▀▀▀██▄▄█ ▄██▀ ▄█ ▄ ▄█
█▀█▄█ ▄▄▄  ▀▄▄█▀▄▀▄▄▀▀█▄██▀ ▄▄▄ ▀▄ ██  ▄▀ ▀ ▀█ ▄▄ ▄▄▄ █▀▀██
█▀▄▀▄ █▄█ ▀ ▄ █▀▀ █▄▄█▀▀▀▄█ █▄█  ▄█ ▀▀██ █ █▄▄▄▀  █▄█ ▄ ███
█ ▄▀▀ ▄▄▄ ▀▄▄▀▄ ▀ ▄▀▀ ▄▄▀█▄▄ ▄▄ ▀▀▀  ▀ ▀▄ ▄  ▄▀▄▀ ▄   ▄▄ ██
██▄▄███▄██ ▄ █▀▄▄▄ ▀ ▄▄ ▄ ████▀▀▀█ ▄▄█▄█▄▄▀ ▄▀▄▄▀█▄▄███▄▄██
█▀█▄█▄█▄▀█ █▄▀▄▀█ ▄█ █▀▄ █  ▄  █▀ █ █▀█▀  ▄▄██▀▀ ▄ ▄██▀█  █
██ ▀▀ ▀▄ █ ▄ ▀ ▀██  ▀██▀ ▄▄███   █▀▄▄▄▀▀▀█▀▄ █ ▄▀ ▄█ █▄▄█▄█
█▄▄ █ █▄█ ▄▄▄▀   ▄█     ▄▀▄▄ ▄ █▀█▀▄▄▄▄█ ▄ ▄ ▀ ▀ █████  █▄█
█ ▀█▄▄ ▄█▄ ▀ ███▀▀▀▀ █ ▀▀█▀  ▀▀██▄▄▀██▄▄ █ ▄▄ █   ▄█ ▀▄▀█▄█
█ ▀▀▄▀▄▄▀▀ ▀██ ▄█▄█▄▄▀█ █▄██ ▄▄ ▀█ █ ▀▄▀▄█▀▄█▀▄ █ ▀█ █▄█ ▀█
██  ▀▄▄▄▀█▄ █▀█▄██▀▀ █ █▀▀█  █ █▄█▄▄▀█▀█ ▄▀ ▀▀▄▄▀▄ ██▄█▄ ██
█ ▀ ▀▀▄▄▄▄█▀▄▀▀█ ▀ ▄ ██▀▀█ ██▄▀██ ▀█ █ ▀██▄     ▀▀ ▄▄▄▀▄  █
███████▄█ ▄▄  ▄▄█▄▀ ▀  ▀ █▀ ▄▄▄ ██ █ ▄▄ ██ █▄▀▀▄▀ ▄▄▄ ▀█▀██
█ ▄▄▄▄▄ ██▄▄▀██▄ ▀▀  ▄  ▀█▄ █▄█  ▄█▄█▄▀▄▄ ▄   ▄▄▀ █▄█  ▀▀██
█ █   █ █▀██▀▄▄▄▀█▀▀ ▄▀█ ▀ ▄ ▄  ▄ █▀▀████▀ ▄ ▄█▀▄ ▄▄▄ ▀  ▄█
█ █▄▄▄█ █    ▄██  ▄ ▄▀▄▀█▀▄ ▄▀█▀▄▀▀ ▀██▄▀▀ ▀▄█▀ ▄ ▀▀▀▀ ██▀█
█▄▄▄▄▄▄▄█▄▄▄█▄█▄██▄█▄█▄▄▄▄▄██▄███▄██▄█▄██▄▄███▄█▄▄████▄▄███

📱 QR Code received!
✅ QR Code ready for scanning
▄▄▄▄▄▄▄▄▄▄▄▄▄▄▄▄▄▄▄▄▄▄▄▄▄▄▄▄▄▄▄▄▄▄▄▄▄▄▄▄▄▄▄▄▄▄▄▄▄▄▄▄▄▄▄▄▄▄▄
█ ▄▄▄▄▄ █▀▄▀█▀█▄▀██ ▄▀▄█  ▄█▀   ██▀█ █▄█▀▄▄▄▀▄▄▄ ██ ▄▄▄▄▄ █
█ █   █ █▀▄██ ▀▄██▀▀█▄▀▄▀▀▀████▀▀█    ▀ ▀▄█▀▀█ ▄ ██ █   █ █
█ █▄▄▄█ █▀▄▀█▄█▀▄█▀ ▄ █ ▀ █ ▄▄▄ ▄█▀█▀  ▀██  ▄▄▀▀▄██ █▄▄▄█ █
█▄▄▄▄▄▄▄█▄▀ ▀ █ ▀▄█▄▀ █▄█ █ █▄█ ▀▄█ ▀▄█▄█▄▀ █▄▀▄▀▄█▄▄▄▄▄▄▄█
█▄   ▄█▄▄  █▀ ▀▀▄█  ▀▄▄▀▀▀ ▄    ▀█▀██  ███▀▀ ▀▄█ ▀ █ █▄▀ ▀█
█▄ ▄█▄▀▄▀▀ ▄▄ ▄  ▀▀ ▀▀▀ ▀ ▀█   █▀█  ▄▄█▄ ▀▀▄▀▀▄▄▄▄█  ▄▀▀▄██
██▀▄ ▄█▄   ▀▀▀▄▄▄█▀ ▀▄▀▄  ███▀▀█▄▀▄█  ▀▄▄▀ ▀ ██▄▄▀▀▄▀▀█▄▄██
█▀ ▄ █ ▄▄▄█▄▄▄▄▀▄▄▀▄▀▄▄█ ▀▄▄▀█▀▄▀  ▀████▄▀   ▀ ▀█▀▀▄▄▄▄ ▄██
█▀▀▀▀▀█▄█▄ ▄▄▄ █▄▄  ▀██▀▀▀  ▀ █▀██▀██ ▄█ █▀ ▄▀ ▄ ▀▀▄▀█ █▀▀█
█▄█▄██▄▄ █▀  ▄▀██ █▄█  █▄▀▄▄▀ ▄█▀▀█▄▄▀▄  ▄  █▄█ ▀▀  ▄▄█▀█▀█
█ █ ██▀▄▄▄ ▄█ ▀█▄▀  ▄█▀█▀▄  ▄█  ▄▀▄▄ ▄▀▄▀█▄▀▄█ █▄▀ ▄██ ▀ ▀█
█ ▀▄█▀ ▄██▀███ ▄▄ ▀▄▄█ ▄▀█▀ █▀▀ ███ ▀▄█  █ ▀▄▀█▄ █▀█▄█▀▀▀▀█
█▀▀ ▀█▀▄█▀  ▀▄▄▀▄▄▄ █▄▀█▀▀█▀██ ▀▄  █▀▄▀███▀ ▄▀▄▄ ▀▀██▀▄   █
█ ▄▄▄ ▄▄▄ █▀▀▀▄▀█ ▄█ ▀▄██▄█ ▄▄▄  ▄▀▄█▀▀▄ ▀▀▀ █▀▀█ ▄▄▄ ▀  ██
█▄ ██ █▄█ ▀ ███▀▄▄▄▀ ▄▄█ ▀█ █▄█ ▄█▀▄ ▄ ▄█▀ ▀ ██▄█ █▄█   ▀▄█
█   ▄ ▄▄  █▄ █▄▄█   ▀▄▀▀█▀▄ ▄▄ ▄▀██ ▄▀▀█  ▄█▄▄ ▀  ▄▄▄▄▀▀ ▀█
█▀▀▄▀▄█▄ ▀▀█ ▄ ▄▄▄▄▄ ▄█▀ ▀▄██▄▀  █▀█▄▄ ▄▀█▀▀▄█ █▀██▄█▄███▀█
█ ▄▀▄ ▄▄▄ █▀█▄   ██  █▄ █▀▄▀▀▄▀ ▀▀ ▄   ▀▄▄█ ▄▀█▄▀▀▄█▀▄  ▄▀█
█▄███ █▄ ▀▄▄   █▀█▄▄▀▀▀▀▄ ▄▀▀██▀▄██▄▄▄▀█▀██  █▄▄█▄▄▀▄█  ▄▀█
███ ▄▀█▄▄  █▀▀▀ ▀██▀▀ ▀▀▄ █▄▀█▀▄ █ █▄▄██ █ █ ▀▀  ▄▄█▄▄ ▀▄▄█
███▄▀▀▀▄▀█▄▀ ▄▄▄▄█ ▄▄▄██  █▀██  ▀█▀█▄  ██▀▀▀ ▀ ▄▀██▀███ ▀██
█▄▀█  ▄▄▀█▄▀▄▄█ ▀▄▀ ▄█▀ ▀ █▀▄▄ ▄▀▀▄█▄█ █ █▀ ██▄ ▀█ ▀▄█ ▀ ██
█▄▀▄▄█ ▄▀▄▀ █ ▄█▄▄▀ ▀█▀▄▀ ▄▀▀▄ ▄███▄▀▄▀█▀█ ▀ ▀▀██▄▄▀▄█  ▀██
█ ▀ ▀▀▄▄▄  ██▄█▄██ █▄▄▀▀  █▄    ▀▀▄▀▀▄▄▄▄█▀▀ ▀▀▄█▄▀▀▀▄▄▀▄▀█
███████▄█  ▄▄▄▄ ▀▄ ▄ ▄▀█▀ ▀ ▄▄▄ █▀▄█▀▄ ▄▀██ ▄▀▄▄▀ ▄▄▄ ▄▀█▀█
█ ▄▄▄▄▄ █▄██▀▄▄▄ █▀▀▀█▀▀  █ █▄█ ▀▄▄██▀▀██▀▄▀▀▀▄██ █▄█    ██
█ █   █ █  ▀ █ █▄▀ ▄▄█▄▀▀▄▄▄▄  ▄▄▀ █ ▄▀▄▄▀▀▀██ █▄▄ ▄▄  █▄██
█ █▄▄▄█ █ ▀▀▄█▀▀▄  ▄▄█ ▀▀█▄▄▀█▀██▄█ █ █ █ ▄██ █  ▄▀██▀▄▀███
█▄▄▄▄▄▄▄█▄██▄▄▄▄▄▄▄▄████▄███▄▄█▄▄▄▄▄▄▄██▄█▄▄▄██▄▄█▄███▄█▄██

📱 QR Code received!
✅ QR Code ready for scanning
▄▄▄▄▄▄▄▄▄▄▄▄▄▄▄▄▄▄▄▄▄▄▄▄▄▄▄▄▄▄▄▄▄▄▄▄▄▄▄▄▄▄▄▄▄▄▄▄▄▄▄▄▄▄▄▄▄▄▄
█ ▄▄▄▄▄ █▄ ▀▀██▀██▀▄▄█▀█  ▄▀█ ▄▄█▀█▀██ ▀▄ ▄ █▄ ▄ ██ ▄▄▄▄▄ █
█ █   █ █ █▄▀▀ ▄▄▄▀ ▄▄ █▀  █▄▄█  ▄▀▀▀   ▄▄█ █▄▀▄ ██ █   █ █
█ █▄▄▄█ █▄██  ▀ ▀▀ █ ▀ ▄ █▀ ▄▄▄ ▀▄▄▀█▄▄ ▀▀▀█▀▄▄▀▄██ █▄▄▄█ █
█▄▄▄▄▄▄▄█▄█ ▀ █▄█▄▀ ▀▄▀▄▀▄█ █▄█ ▀ ▀ █ █ ▀▄█▄█ █▄█ █▄▄▄▄▄▄▄█
█▄   ██▄█▄▄█   ▀█▄ ▀ ▄█ ▀ █▄     █ ▄█▀▀█▄▄▀ ▀▀█▄▀ ▄██ ▄ ▀ █
█▀▄█ ▀▀▄▄▀▀▄▀▀ ▀██ ██ ▄▄ ██▄▀ ▀ █▄▀ █▀████▄██ █▄ █▀▀ █ ▄ ▄█
█▀▀▄█▄▀▄ ▀▄▄██▄  ██▄▀ █▄▄▄█▀▀██▀▄█▀█▄▄▀▀ ▀ ▄ ▀▀██▄▀ ██▀▄▄▀█
█▀▄█▀▄ ▄██▄█▄██▀██▀▄ ▄▀█  █▄▀█▀▀   ▀█  ██ ▄▄▀█▄█ ▄ ▄██ ▀███
█ ▀▀▀█▄▄▀██ █▀▄▄  ▀▀▄█▄▀ ▄▄▀▄▄▀█▀▄▄ ▀▀▀█ ▀ █   ▀▀▄██▄▀▀ ▀ █
███▀▄█▄▄ ▀█ ▄ ▀▀▀█▀ █ ▄██▄▄ █  ▀▀█▀▄▀▄█▄█▄██ █  ██▄  ▄▀█ ██
█▄▀ ▄▀▀▄█▄▀███ ██  ▀██ ▄▀█▀ █▄ ▀█▀██ ▀ ▄▄▄▄ ▄█▀▄▄  █▄▄    █
████ ██▄█▄█ █ ▄ ▀▄ ▀ ▄█   █▀ █ █▀▄ ▄  ▀▀▄▀▀▄▀▀  ▀  ▀▀▀ ▄█ █
██▀▄█▀▄▄ ▄████ █ ▄ ▄█ ████▀█▀█▄█▄▄▄██ ▀▀▀██▄▄█ ▄█▄  ▀▀ ▄ ▄█
█▀█▄█ ▄▄▄ ▄▄ ▄▄▄▄▀▄▄▀▀█▄██▄ ▄▄▄ ▀▄ ██ ▄ ▀ ▀ ▀█▄▄▄ ▄▄▄ ▀▀▀██
█▀▄▀█ █▄█ ▄▄▄ ▀▀▀ █▄▄█▀▀▀▄█ █▄█  ▄▄▀▀▀▄▄ █▄█▄▄  ▀ █▄█  ████
█▀▄ ▀ ▄▄ ▄▀▄▄▀▄ ▀ ▄▄▀ ▀█▀█▄▄ ▄▄ ▀▀▀ ▄▀ ▄▄ ██▄   ▀ ▄   ██ ██
█▄█▄▀██▄█▄ ▄ █▀▄██▄▀▀█▄▄▀▀██▄█▀▀▀█ ▄▄█▀▄▄  ▀█▀▄▄▀▀▄▄▄██▄▄██
███ █▄█▄██ █▄▀▄▀▀▀▄█  ▀▄██  █▄ ██ █ ▄▀█▀█ ▄███▀  ▄ ▄  ▀█  █
█ █▀▀ ▀▄ █ ▄▀█ ▀██  ▀██▀ ▄▄███  ▄█▀▄▄▄▀▀█▀▀▄▄▀ ▄▀ ▄█ █▄▄▄██
█▄▄ █ █▄█ ▀█▀▀█▄ ▄█     ▄▀▄▄ ▄ █ █▀▄▄█▄█ ▄ ▄▀▀ ▀ █████  █▄█
█ ▀█▄▀▄▄█▄█▀▄  ▀▀▀▀▀ █ ▀▀█▀  ▀▀██▄▄▀██▄▄ █ ▄▄ █   █▄ ▀▄██▄█
█ ▀▀▄▄ ▄▀▀ ▀▄██ █▄█▄▄▀█ █▄██ ▄▄ ▀█▄▀ ▀▄█▄██ █▀ ▄█ ▄█ █▄▄ ▀█
██ ▀██▄▄▄██▄█▀ ▀██▀▀ █ █▀▀█  █ █▄█▀▄▀█▄█ ▄  ▀▀▀▄██▀ ██▀█ ██
█ ▀ ▀▀▄▄▀ █▀▄▀▀█ ▀█▄ █ █▀█ ▀█▄▀██  ▄▄█ ▀█▀▀▄▄▄ ▄ ▄▄▄▄█ ▄  █
███████▄▄ ▄▄  ▄▄ █   ▀█▀▄▄▀ ▄▄▄ ██ █▄▄▀▀▀▀▄▄ █ ▄█ ▄▄▄ ▀▄█▀█
█ ▄▄▄▄▄ ██▄▄▀██▄▄▄▀ █   ▄█▄ █▄█   █▄▀▄▀█▄▄█▀▀▀█▄  █▄█  ▀▀██
█ █   █ █▀███▀▄▄▀█▀▀ ▄▀█ ▀ ▄▄▄  ▄▄█▀ ███▄█ ▄█▄█▀█ ▄▄▄ ▀ ▀▄█
█ █▄▄▄█ █ ▄▄██▀▄  ▄ ▄▀▄▀█▀▄ ███▀▄▀▀  ▄█▄▀▀ ▀█▄▀ ▄ ▀▀▀█ ██▀█
█▄▄▄▄▄▄▄█▄█▄██████▄█▄█▄▄▄▄▄█▄▄███▄██▄█▄██▄▄███▄█▄▄████▄▄███

📱 QR Code received!
✅ QR Code ready for scanning
▄▄▄▄▄▄▄▄▄▄▄▄▄▄▄▄▄▄▄▄▄▄▄▄▄▄▄▄▄▄▄▄▄▄▄▄▄▄▄▄▄▄▄▄▄▄▄▄▄▄▄▄▄▄▄▄▄▄▄
█ ▄▄▄▄▄ █▄ ▀▀█▄▀▀█▀▄ ▀ █▄ ▄▀█ ▄▄█▀▀█ █ █▀  ▄▄▀ ▄ ██ ▄▄▄▄▄ █
█ █   █ █ █▄▀█ ▄▄▄▀ ██ █▀▀ █▄▄█ ▀█▀▀▀▀   ██ █▄▀▄ ██ █   █ █
█ █▄▄▄█ █▄█▀▀▄▀ ▀▀ █ ▀ ▄ █▀ ▄▄▄ ▄ ▄▀▄ ▄ ▄█▀██▀▄▀▄██ █▄▄▄█ █
█▄▄▄▄▄▄▄█▄█ ▀ █▄█▄▀ ▀▄▀▄▀▄█ █▄█ ▀ ▀ █ █ ▀▄█▄█ █▄█ █▄▄▄▄▄▄▄█
█▄   ██▄▀ ▀█▄▄ ▀█▄ ▀ ▄█ ▀ █▄     █ ▄█▀▀█▄▄▀ ▀▀█▄▀▀▄█▀ ▄ ▀ █
█▀▄█   ▄▄▄▀▄▄  ▀██ ██ ▄▄ ███▀ ▀ █▄█▄█▀████▄██ ▀▄▀█ ▀██ ▄ ▄█
█▀▀ ▀▄▀▄██▀███▄  ██▄▀ █▄▄▄▄ ▀██▀▄█▀▄▄▄ ▀ ▀██ ▀▄██▄▀ ▀█▀▄▄▀█
█▄ ▄ ▄ ▄█▄▄█▄██▀██ █ ▄█   █▄ ███  ███ ▄█▀ ▀▀▀█▄█   ▄█▄  ███
█ ▀ ██▄▄▀██ █▀▄▄▀  ▀██ ▀▀█▄▀▄▄ ▄▀▄▄▀▀█ █ █ █   ▀▀▄██▄▀  ▀▄█
███ █▀ ▄ ▀█ ▄ ▀▀█▀▀ █ ▄█▄▄▄ █ ▀▀██▀▄▀▄█▄██▄█▄▀  ██   ▄▀█ ▀█
█▀  ▄ ▄▄█▄▀██  ██  ▀██ ▄▀█▀ █▄ ▀████▄▀ ▄ ▄▄ █▀▀▄▄ ▀█▄▄  ▀▀█
████ ▄▀▄█▄▄▄    ▀▄ ▀ ▄█   █▀ █ █▀█ ▄▀▀▀▀█ ▀▄▀▀  ▀ ▀█▀▀ ▄█ █
██▀▄███▄▀▀ █▄▀█▄ ▄ ▄█ █████▀▀█▄█▄▄▄██ ▀▀▀██▄▄█ ▄▄█▀ █▀ ▄ ▄█
█▀█▄█ ▄▄▄ █ ▀▄█▄▄▀▄▄▀▀█▄██  ▄▄▄ ▀▄ ▀█  ▄▀ █▄▀█ ▄▀ ▄▄▄ ▀▀▀██
█▀▄▄▄ █▄█ █ ▄ ▀▀▀ █▄▄█▀▀▀▄▀ █▄█  ▄ ▀▀▀▄█ █▀▄▄▄▄▀▄ █▄█  ▀███
█▄  ▀ ▄▄  ▀▄▄▀▄ ▀ █▄▀  █▀█▄  ▄▄ ▀▀▀  ▀▄▄▄      ▄█ ▄▄ ▄▄█ ██
█▀▀▀▀██▄▀  ▄ █▀▄▄▄██ ██  ▀███▄▀▀▀█ ▄ █▀▄  █▀▀▀▄▄▀▀▄▄▄██▄ ██
█▀▀ █▄█▄▀▀ █▄▀▄▀▀ ▄███▀▄▄▀  ▄  █▀ █ ▀▄▄ ███▄▄ ▀▀ ▄ ▄█▀▀█ ▄█
█▀▄▀▀ ▀▄ █ ▄█  ▀██  ▀██▀ ▄▄███▄▄▄▀▀▄▄ ▀▀██▀▄ █ ▄▀ ▄█ █▄▄███
█▄▄ █ █▄█   ▀▀█  ▄█     ▄▀▄▄ ▄▀█ ▄▀▄██▄█ ▄ ▄▀  ▀ █████  █▄█
█ ▀█▄▄█▄█▄  ▄ █▀▀▀▀▀ █ ▀▀█▀  ▀▀██▄▄▀██▄▄ █ ▄▄ █   ▀█ ▀▄▀█▄█
█ ▀▀▄ ▄▄▀▀  ▄▄ ██▄█▄▄▀█ █▄▀█ ▄▄ ▀█▄█ ▀▄▀▄██▄█▀  █ ▄█ █▀█ ▀█
██ ▄█▀█▄▀▀▄▄█▀█▄██▀▀ █ █▀▀█▀ █ █▄██▄▀█ ▄ ▄▀▀▀▀▄█▀▄ ▀██ ▄ ██
█ ▀ ▀▀▄▄▀██▀▄▀▀█ ▀▀  █▄█▀█▀▀█▄▀██ ▀▄▄█▀▀▀█▄▀▄▄▄▄▀▀▀  ▄▀█  █
███████▄▄▀▄▄  ▄▄ █    ▀▀▄█▀ ▄▄▄ ██ █▄▄▀▀▀▀█▄▄█▀▄▀ ▄▄▄ ▀▄▀██
█ ▄▄▄▄▄ ██▄▄▀██▄  ▀ ▄    ▀▄ █▄█   █▄▀▀ █▀▀█▀█ ██  █▄█  ▀▀██
█ █   █ █▀██▄▄▄▄▀█▀▀ ▄▀█ ▀ ▄▄▄  █ █▀▀▀██▄█ ▄▀▄█▀█ ▄▄ ▄▀  ▄█
█ █▄▄▄█ █ ▀▄ ▀    ▄ ▄▀▄▀█▀▄ ▀▀█▀▄ ▀  ▄█▄   ▀██▀ ▄ ▀▀ ▀ ██▀█
█▄▄▄▄▄▄▄█▄█▄▄██▄██▄█▄█▄▄▄▄▄█▄▄███▄██▄█▄██▄▄███▄█▄▄███▄▄▄███

📱 QR Code received!
✅ QR Code ready for scanning
▄▄▄▄▄▄▄▄▄▄▄▄▄▄▄▄▄▄▄▄▄▄▄▄▄▄▄▄▄▄▄▄▄▄▄▄▄▄▄▄▄▄▄▄▄▄▄▄▄▄▄▄▄▄▄▄▄▄▄
█ ▄▄▄▄▄ █▄ ▀▀██▀▀▀ █▄█ ▄▀ ▄▀█ ▄▄█▀████▄▀▀ ▄▄██ ▄ ██ ▄▄▄▄▄ █
█ █   █ █ █▄▀█ ▄██▀ ▄█ █ ▀ █▄▄█ ▀▄▀▀    █▄█ █▄▀▄ ██ █   █ █
█ █▄▄▄█ █▄██ █▀ ▀▀ █ ▀ ▄ █▀ ▄▄▄ ▄█▄▀▄▄▄ █▄▀█▀█▄▀▄██ █▄▄▄█ █
█▄▄▄▄▄▄▄█▄█▄█▄█▄█▄▀ ▀▄▀▄▀▄█ █▄█ ▀ ▀ █ █ ▀▄█▄█ █▄█ █▄▄▄▄▄▄▄█
█▄   ▀█▄█ █ ██ ▀█▄ ▀ ▄█ ▀ █      █ ▄█▀▀█▄▄▀ ▀▀█▄█  █▀▄▄ ▀ █
█▀▄█ ▀ ▄▀█▀▄▄█ ▀██ ██ ▄▄ █▄▄█ ▀ █▄█ █▀████▄▀█ █▄██▀ ██ ▄ ▄█
█▀▀▄█▄▀▄█▀▄███▄  ██▄▀ █▄▄▄█▀███▀▄███▄▄▀  ▀█▄ ▀ █▄▄▀ ███ ▄▀█
████ ▄ ▄▄█▄█▄██▀██▄▀ ▄█▀  █▄ ▄█▀  ▀▀█   ▀  ▀▀▀▄▀▄▄ ▄▄▄  ███
█ ▄ ▀█▄▄▀██ █▀▄▄█ ▀▀▄█ █▀█▄▀▄▄ ▄▀▄▄▀▀▀████ █    ▀▄██▄▀  ▀ █
█  ▀▀█ ▄ ▀█ ▄ ▀▀▄▄▀ ▄▀▄█▀█▄ █ ▀ ▀█▀▄▄▀█▄ ▄▄▄▄█ ▀██▄▄ ▄▀█ ██
█▄  ▄█ ▄█▄▀██  ██  ▀██ ▄▀█▀ █▄ ▀▀▀██▀▀ ▄  ▄ ▀█▀▄▄ ▀█▄▄   ▀█
████ ▀▀▄▀ █▀█▄█ ▀▄ ▀ ▄█   █▀ █ █ █ ▄ ▀▀▀█ ▀▄ ▀  ▀ █ ▀█ ▄█ █
██▀▄█ ▀▄▄██ ▄  ▀ ▄ ▄█ ██████▀█▄█▄▄▄██ ▀▀▀██▄▄█ ▄█▄▀▀▄█ ▄ ▄█
█▀█▄█ ▄▄▄ ▄▄▀ ▀█▄▀▄▄▀▀█▄███ ▄▄▄ ▀▄ ▀█ ▄ ▀ ▀ ▀█ ▄  ▄▄▄ █▀▀██
█▀▄   █▄█ ▄▀▄ ▀▄▀ █▄▄█▀▀▀▄█ █▄█  ▄  ▀▀▄▄ █▀▄▄▄ ▀█ █▄█ █ ███
█▀ ▀  ▄▄▄▄▀▄▄▀▄ ▀ █ ▀ ▀▀▀█▄▄ ▄▄ ▀▀▀  ▀█▄▄ ▀█  ▀ █ ▄   █▄ ██
█  ▄▀██▄██ ▄ █▀▄▄▄▀██▄ ▄ ▀████▀▀▀█ ▄▀█▀█ ▄▀▀▀▀ ███▄▄█▄▄█ ▀█
█▄▄█▀▄█▄▀  █▄▀▄▀██▄█▀ ▀▄    ▄▀ █▀ █ ▀█▄ ▀█▄█ ▀   ▄ ▄▄ ▀█▄ █
█  ▀▀ ▀▄ █ ▄▀  ▀██  ▀██▀ ▄▄████▄▀█▀▄▄ ▀▀██▀▄ █ ▄▀ ▄█ █▄▄▄██
█▄▄ █ █▄█ ▄ ▀▀▀  ▄█     ▄▀▄▄ ▄ █▀█▀▄▄█▄█ ▄ ▄ ▀ ▀ █████  █▄█
█ ▀█▄▄▄▄█▄ ▀ ▀█▀▀▀▀▀ █ ▀▀█▀  ▀▀██▄▄▀██▄▄ █ ▄▄ █   █▄ ▀▄▀█▄█
█ ▀▀▄▀█▄▀▀ ▄██▄██▄█▄▄▀█ █▄██ ▄▄ ▀█▄▀ ▀▄█▄██▄█▀ ▄█ ▄▀ ██▄ ▀█
██ █ ▄ ▄▄▄▀ █▀▄▀██▀▀ █ █▀▀▄█ █ █▄███▀█ █ ▄▄▀▀▀ █▀▀█ ███▄ ██
█ ▀ ▀▀▄▄▀▄█▀▄▀▀█ ▀█▀ █▄▄▀█ ██▄▀██ ▀▄ ▀▀▀▀▀▀▄ ▄▄  ▄█ ▀  ▄  █
███████▄▄▀▄▄  ▄▄█▄▄  ▀█▀██▀ ▄▄▄ ██ █▀▄▀▀███▄ █▀██ ▄▄▄ ▀▄▀██
█ ▄▄▄▄▄ ██▄▄▀██▄  ▀  ▄   █▄ █▄█  ▄█▄▄▀▀█▀▀█▀▄ █▄▀ █▄█  ▀█▀█
█ █   █ █▀██▀ ▄▄▀█▀▀ ▄▀█ ▀ ▄ ▄  ▄▄█▀▀▀██▄▀ ▄  █▀▄ ▄▄ ▄▀  ▄█
█ █▄▄▄█ █ ▄ ▄ █▀  ▄ ▄▀▄▀█▀▄  ▀█▀▄▀▀ ▀▄█▄   ▀▄█▀ ▄ ▀▀▀█ ██▀█
█▄▄▄▄▄▄▄█▄██▄█▄███▄█▄█▄▄▄▄▄██▄███▄██▄█▄██▄▄███▄█▄▄████▄▄███

📱 QR Code received!
✅ QR Code ready for scanning
▄▄▄▄▄▄▄▄▄▄▄▄▄▄▄▄▄▄▄▄▄▄▄▄▄▄▄▄▄▄▄▄▄▄▄▄▄▄▄▄▄▄▄▄▄▄▄▄▄▄▄▄▄▄▄▄▄▄▄
█ ▄▄▄▄▄ █▀█▄▀███▄ ▀▄▄ █▀█ ▄▄ █▄▄█▄▄ ▄█▄ ▄ ▄ ▀ █▄ ██ ▄▄▄▄▄ █
█ █   █ █▄█▄ ▄█▄▄▄▄█▀▄ █▄▄██▄▄ ██▄▀▀███ ▄█ ██▄▀▄ ██ █   █ █
█ █▄▄▄█ █ ▀▀█▄ ▄██▀▄▀█▄ ▀▄  ▄▄▄ ▀  ██▄█▄ ▀ ▄█▀ ▀▄██ █▄▄▄█ █
█▄▄▄▄▄▄▄█ ▀▄█▄█ ▀ ▀ ▀ █ ▀▄█ █▄█ ▀▄█▄█ █▄█ █▄█▄▀ █ █▄▄▄▄▄▄▄█
█ ▄▀ █▀▄▄██▀█▀█▀█▄█▄█▄█ ▄█    ▄▄██ ▄ ▄▄█▄▄▄█▄▀█▄▄██▄▄▄▀▄▄▀█
█ █▀▄▄▀▄█  ▄▄█▀█▀▀▀▄▄▄  ▀▄  █▄ ▀▄ █▄▄ ▄▀▀▀█ ▄▄▀▄ ▄▀█▄█▀█▀ █
█▀▀  ▀▀▄▀█████▄██ █▄▀█ ▀▄▄▄█▄ █▀▄  ▀▄▄ ██▄██ ▄ ▀ █▀█ ▄▀ ▄▄█
█ ▄ ▀▄█▄▀▄▄█▀  ▀███▄█▄█▀██ ▄▀▄ ▄█  █▄▀▀▀█ █▄ █ ▀▀▄█▄███▄ ██
█▀▄█▀▀█▄ ▀▀▄▄ █ ▄▄▄▄█▀▄█ ███  ▀█   █▀ █▀▀▀▀▄▀ ██ █▄▀ █ ▀▄ █
██ ██▄▄▄ ▄ █▄ ▀▄▀█▀  ▀▀ ▀█▄█ █▀ █ ▄▀██▄▀▀▄█▄▀██▄██▄██▀▀█▄ █
█ ▄ ▄ █▄ ▄▀█▀▄███ █▄ █ ▄▄ ▄ █▄█▄▄▀██▀▄█▄▄▄▀█▄▀▀▄▀███▄▄██▄ █
█▄▄▀▄▄█▄ ▄▀█▄▀███ ▀ ▀ ▀▄▀▀▄█▄▀▀▄▀▀▄    █▀█ █▀▄▄▄ ▀  █▀▀█▄▄█
██▀▀ ▄▀▄▀▄█▄██▄ █▀ ▄██  ███ ▄ ▄█▄▀▀ █ ▀▄▄ █▄▄ █▀▄█ █▀▄ ▄ ▀█
█▄ ▄█ ▄▄▄ ▀ ▀██▀▄▀▀▀▄▀█▄  █ ▄▄▄ ▄▄ █ ██ ▀  █▄█ ▄█ ▄▄▄ ▄▄▄██
█ █▄▄ █▄█   █▀ ▄█▄▄██▀██ █▄ █▄█ ▀ █▄  ▄▀▄▀ ▄█ ▄▄▄ █▄█  ▄▄▀█
█ ██▀▄ ▄▄▄▄▀▄▀▄█▄█ █▀█▀▄▀██ ▄ ▄ ▀▄▄█ ██▄██ ▄ █ ▀▄▄▄▄   ▄  █
██▄▀▀█ ▄▄▄ ▄█ ▄▄██▄ ██▄▄▀█ █▄█▄▄▄█ ▄▀▄▄▄▄ ▀█ ▀▀█▄█▀▄▄▄▀▀▀██
██▀▀█ ▄▄▄█▄▀█ ██▄▄█▄█ █ ▄▀▀▄▀█▀▄ ▄▀▄▀▀█▄▀█▄█ ▄▄▄▀█▀  ▄ ▄█ █
██▄▄▄█▀▄  █▀▀▀ ▄    ▀  ▄ ▄▄   ▀█  ▄▀█ ▀▄  ▀▄ ▄█▀▀ ▄ █ ▄▄█ █
█▀▀ █  ▄  ▀▄ ▄▄  ▄ ██   ▀▄▀▄ ▄▄ ██▀▄ ▀▀█▀▄█▀█▀ ▀█  █████ ▄█
█▀ ▀ ▄▄▄▄ ▄▀▀▀▄▀██  ▀▀▄█ ▄ ▄▄█ ▄▄  █▄▄█ ▄▀▀██▄▀▄▀▀ ▄▄██▄▄ █
█ ▀▄▀█▄▄▀▄▄▀ ▀▀█ ▀█▄▄▄ ██▄█ █▀▄ ▀ ▀  ▀▄▄▀ █▄█▄▀█▀▀ ▄█ ██ ▄█
█ ██ ▀█▄ ▄▀█ ▄████▄▄██ █▄▄   ██ ▀█▄█▄ █▄ ▄▄▄▄▀██ ▄▄  █ ▄███
█ ▀ ▀▀▄▄  ▀██  ▀▄██ ▀▀ █ ▄ ▀▀  ▄▄▄▄▀▀ ▀▀██▀██▄▄█  █ ▀  ▄▀▄█
███████▄▄▀▀▀  ▄▀▄▀▄ ▄█▄▄██▀ ▄▄▄ █ █   ▀▄▄ ▀██ ▀▀█ ▄▄▄  ▄▀ █
█ ▄▄▄▄▄ █▄▄▄▄  ▄██▄█▀▀   █▀ █▄█ █ █▄ ▀█▄█ ▀█▄▀▄█▀ █▄█ █▄ ▀█
█ █   █ █▀▀▀▄ █ █▀  ▀ █▀▀ ▀ ▄▄    ▀██▄▄▀▀█▀██▄▀██ ▄    ▀▀ █
█ █▄▄▄█ █▀▄ ▄▄█▄██▄ ▄▄▀▄█▀▄█  █▀▄▄▄█▀▄█▀▄▄ ▀▄ ▄█▄ ▀▄▄▄ ██▄█
█▄▄▄▄▄▄▄█▄█████████▄██▄▄██████▄▄▄▄███▄███▄█▄▄█▄███▄██▄██▄██

